<?xml version="1.0" encoding="UTF-8"?>
<!-- Generated by org.testng.reporters.JUnitReportReporter -->
<testsuite hostname="DESKTOP-JCSSE19" failures="0" tests="2" name="myTestTutorial.Mavenjava.SeleniumTest" time="0.001" errors="0" timestamp="2020-12-12T21:10:11 CET" skipped="0">
  <testcase classname="myTestTutorial.Mavenjava.SeleniumTest" name="elementsUI" time="0.001"/>
  <system-out/>
  <testcase classname="myTestTutorial.Mavenjava.SeleniumTest" name="BrowserAitomation" time="0.000"/>
  <system-out/>
</testsuite> <!-- myTestTutorial.Mavenjava.SeleniumTest -->
