<?xml version="1.0" encoding="UTF-8"?>
<!-- Generated by org.testng.reporters.JUnitReportReporter -->
<testsuite hostname="DESKTOP-JCSSE19" failures="0" tests="2" name="myTestTutorial.Mavenjava.ApiTest" time="0.003" errors="0" timestamp="2020-12-10T22:32:18 CET" skipped="0">
  <testcase classname="myTestTutorial.Mavenjava.ApiTest" name="TwitterTest" time="0.000"/>
  <system-out/>
  <testcase classname="myTestTutorial.Mavenjava.ApiTest" name="JiraTest" time="0.003"/>
  <system-out/>
</testsuite> <!-- myTestTutorial.Mavenjava.ApiTest -->
